<?xml version="1.0" encoding="UTF-8"?>
<testng-results skipped="0" failed="0" total="2" passed="2">
  <reporter-output>
  </reporter-output>
  <suite name="InputFormSuite" duration-ms="11588" started-at="2018-10-10T17:15:21Z" finished-at="2018-10-10T17:15:33Z">
    <groups>
    </groups>
    <test name="Test" duration-ms="11588" started-at="2018-10-10T17:15:21Z" finished-at="2018-10-10T17:15:33Z">
      <class name="com.SeleniumEasy.InputFormTest">
        <test-method status="PASS" signature="Setup()[pri:0, instance:com.SeleniumEasy.InputFormTest@26653222]" name="Setup" is-config="true" duration-ms="20843" started-at="2018-10-10T22:45:01Z" finished-at="2018-10-10T22:45:21Z">
          <reporter-output>
          </reporter-output>
        </test-method> <!-- Setup -->
        <test-method status="PASS" signature="verify1stBlockEnterMessageDisplay()[pri:0, instance:com.SeleniumEasy.InputFormTest@26653222]" name="verify1stBlockEnterMessageDisplay" duration-ms="10638" started-at="2018-10-10T22:45:22Z" finished-at="2018-10-10T22:45:32Z">
          <reporter-output>
          </reporter-output>
        </test-method> <!-- verify1stBlockEnterMessageDisplay -->
        <test-method status="PASS" signature="verifyBulletPoints_1stBox()[pri:0, instance:com.SeleniumEasy.InputFormTest@26653222]" name="verifyBulletPoints_1stBox" duration-ms="924" started-at="2018-10-10T22:45:32Z" finished-at="2018-10-10T22:45:33Z">
          <reporter-output>
          </reporter-output>
        </test-method> <!-- verifyBulletPoints_1stBox -->
        <test-method status="PASS" signature="teardown()[pri:0, instance:com.SeleniumEasy.InputFormTest@26653222]" name="teardown" is-config="true" duration-ms="171" started-at="2018-10-10T22:45:33Z" finished-at="2018-10-10T22:45:33Z">
          <reporter-output>
          </reporter-output>
        </test-method> <!-- teardown -->
      </class> <!-- com.SeleniumEasy.InputFormTest -->
    </test> <!-- Test -->
  </suite> <!-- InputFormSuite -->
</testng-results>
