<?xml version="1.0" encoding="UTF-8"?>
<testng-results skipped="0" failed="0" total="1" passed="1">
  <reporter-output>
  </reporter-output>
  <suite name="InputFormSuite" duration-ms="11577" started-at="2018-11-04T22:23:41Z" finished-at="2018-11-04T22:23:53Z">
    <groups>
    </groups>
    <test name="Test" duration-ms="11577" started-at="2018-11-04T22:23:41Z" finished-at="2018-11-04T22:23:53Z">
      <class name="com.SeleniumEasy.DropdownListTest">
        <test-method status="PASS" signature="suiteSetup()[pri:0, instance:com.SeleniumEasy.DropdownListTest@ae45eb6]" name="suiteSetup" is-config="true" duration-ms="198" started-at="2018-11-05T03:53:41Z" finished-at="2018-11-05T03:53:41Z">
          <reporter-output>
          </reporter-output>
        </test-method> <!-- suiteSetup -->
        <test-method status="PASS" signature="methodSetup(java.lang.reflect.Method)[pri:0, instance:com.SeleniumEasy.DropdownListTest@ae45eb6]" name="methodSetup" is-config="true" duration-ms="8769" started-at="2018-11-05T03:53:41Z" finished-at="2018-11-05T03:53:50Z">
          <params>
            <param index="0">
              <value>
                <![CDATA[public void com.SeleniumEasy.DropdownListTest.select_multiDropdown_ByVisibleText() throws java.lang.Exception]]>
              </value>
            </param>
          </params>
          <reporter-output>
          </reporter-output>
        </test-method> <!-- methodSetup -->
        <test-method status="PASS" signature="select_multiDropdown_ByVisibleText()[pri:0, instance:com.SeleniumEasy.DropdownListTest@ae45eb6]" name="select_multiDropdown_ByVisibleText" duration-ms="2260" started-at="2018-11-05T03:53:50Z" finished-at="2018-11-05T03:53:52Z">
          <reporter-output>
          </reporter-output>
        </test-method> <!-- select_multiDropdown_ByVisibleText -->
        <test-method status="PASS" signature="teardown(org.testng.ITestResult, java.lang.reflect.Method)[pri:0, instance:com.SeleniumEasy.DropdownListTest@ae45eb6]" name="teardown" is-config="true" duration-ms="531" started-at="2018-11-05T03:53:52Z" finished-at="2018-11-05T03:53:53Z">
          <params>
            <param index="0">
              <value>
                <![CDATA[[TestResult name=select_multiDropdown_ByVisibleText status=SUCCESS method=DropdownListTest.select_multiDropdown_ByVisibleText()[pri:0, instance:com.SeleniumEasy.DropdownListTest@ae45eb6] output={null}]]]>
              </value>
            </param>
            <param index="1">
              <value>
                <![CDATA[public void com.SeleniumEasy.DropdownListTest.select_multiDropdown_ByVisibleText() throws java.lang.Exception]]>
              </value>
            </param>
          </params>
          <reporter-output>
          </reporter-output>
        </test-method> <!-- teardown -->
        <test-method status="PASS" signature="reportClose()[pri:0, instance:com.SeleniumEasy.DropdownListTest@ae45eb6]" name="reportClose" is-config="true" duration-ms="577" started-at="2018-11-05T03:53:53Z" finished-at="2018-11-05T03:53:53Z">
          <reporter-output>
          </reporter-output>
        </test-method> <!-- reportClose -->
      </class> <!-- com.SeleniumEasy.DropdownListTest -->
    </test> <!-- Test -->
  </suite> <!-- InputFormSuite -->
</testng-results>
