<?xml version="1.0" encoding="UTF-8"?>
<!-- Generated by org.testng.reporters.JUnitXMLReporter -->
<testsuite hostname="Yogesh" name="SimpleFormTest2" tests="1" failures="0" timestamp="30 Oct 2018 17:04:26 GMT" time="0.003" errors="0">
  <testcase name="@BeforeMethod methodSetup" time="0.0" classname="com.SeleniumEasy.InputFormTest">
    <failure type="java.lang.NullPointerException">
      <![CDATA[java.lang.NullPointerException
	at baseClass.BaseClassDef.setExtentTest(BaseClassDef.java:95)
	at com.SeleniumEasy.InputFormTest.methodSetup(InputFormTest.java:43)
	at java.util.concurrent.ThreadPoolExecutor.runWorker(ThreadPoolExecutor.java:1149)
	at java.util.concurrent.ThreadPoolExecutor$Worker.run(ThreadPoolExecutor.java:624)
	at java.lang.Thread.run(Thread.java:748)
... Removed 12 stack frames]]>
    </failure>
  </testcase> <!-- @BeforeMethod methodSetup -->
  <testcase name="@AfterMethod teardown" time="0.0" classname="com.SeleniumEasy.InputFormTest">
    <skipped/>
  </testcase> <!-- @AfterMethod teardown -->
  <testcase name="verify1stBlockEnterMessageDisplay" time="0.001" classname="com.SeleniumEasy.InputFormTest">
    <skipped/>
  </testcase> <!-- verify1stBlockEnterMessageDisplay -->
</testsuite> <!-- SimpleFormTest2 -->
