<?xml version="1.0" encoding="UTF-8"?>
<!-- Generated by org.testng.reporters.JUnitXMLReporter -->
<testsuite hostname="Yogesh" name="Test" tests="6" failures="0" timestamp="18 Nov 2018 11:14:04 GMT" time="78.117" errors="0">
  <testcase name="select_dropDown_ByVisibleText" time="6.604" classname="com.SeleniumEasy.DropdownListTest"/>
  <testcase name="select_dropDown_ByValue" time="0.903" classname="com.SeleniumEasy.DropdownListTest"/>
  <testcase name="select_multiDropdown_ByVisibleText" time="2.513" classname="com.SeleniumEasy.DropdownListTest"/>
  <testcase name="verifyBulletPoints_1stBox" time="0.389" classname="com.SeleniumEasy.InputFormTest"/>
  <testcase name="verify1stBlockEnterMessageDisplay" time="1.305" classname="com.SeleniumEasy.InputFormTest"/>
  <testcase name="verify2ndBlockSumTotalDisplay" time="1.139" classname="com.SeleniumEasy.InputFormTest"/>
</testsuite> <!-- Test -->
