<?xml version="1.0" encoding="UTF-8"?>
<!-- Generated by org.testng.reporters.JUnitXMLReporter -->
<testsuite hostname="Yogesh" name="Test" tests="3" failures="0" timestamp="27 Oct 2018 14:58:56 GMT" time="97.13" errors="0">
  <testcase name="verifyBulletPoints_1stBox" time="9.813" classname="com.SeleniumEasy.InputFormTest"/>
  <testcase name="verify1stBlockEnterMessageDisplay" time="1.459" classname="com.SeleniumEasy.InputFormTest"/>
  <testcase name="verify2ndBlockSumTotalDisplay" time="0.826" classname="com.SeleniumEasy.InputFormTest"/>
</testsuite> <!-- Test -->
